<?xml version="1.0" encoding="UTF-8"?>
<!-- Generated by org.testng.reporters.JUnitReportReporter -->
<testsuite hostname="LAPTOP-8CCMCL84" failures="0" tests="1" name="AddToCart.AddProductToCart" time="29.273" errors="0" timestamp="2022-09-20T12:36:20 IST" skipped="0">
  <testcase classname="AddToCart.AddProductToCart" name="addProductToCart" time="29.273"/>
  <system-out/>
</testsuite> <!-- AddToCart.AddProductToCart -->
